0 info it worked if it ends with ok
1 verbose cli [ '/usr/bin/nodejs', '/usr/bin/npm', 'update', '-g', 'ionic' ]
2 info using npm@1.4.21
3 info using node@v0.10.25
4 verbose request where is /ionic
5 verbose request registry https://registry.npmjs.org/
6 verbose request id cce1b96d50eced0d
7 verbose url raw /ionic
8 verbose url resolving [ 'https://registry.npmjs.org/', './ionic' ]
9 verbose url resolved https://registry.npmjs.org/ionic
10 verbose request where is https://registry.npmjs.org/ionic
11 info trying registry request attempt 1 at 12:00:19
12 verbose etag "A5JUBCD6WZ7YB41YFK8SJASKS"
13 http GET https://registry.npmjs.org/ionic
14 http 200 https://registry.npmjs.org/ionic
15 silly registry.get cb [ 200,
15 silly registry.get   { date: 'Sat, 10 Jan 2015 17:00:20 GMT',
15 silly registry.get     server: 'CouchDB/1.5.0 (Erlang OTP/R16B03)',
15 silly registry.get     etag: '"7SJ655LOE870T1G3V2830Y585"',
15 silly registry.get     'content-type': 'application/json',
15 silly registry.get     'cache-control': 'max-age=60',
15 silly registry.get     'content-length': '179874',
15 silly registry.get     'accept-ranges': 'bytes',
15 silly registry.get     via: '1.1 varnish',
15 silly registry.get     age: '0',
15 silly registry.get     'x-served-by': 'cache-atl6233-ATL',
15 silly registry.get     'x-cache': 'MISS',
15 silly registry.get     'x-cache-hits': '0',
15 silly registry.get     'x-timer': 'S1420909220.434451,VS0,VE115',
15 silly registry.get     vary: 'Accept',
15 silly registry.get     'keep-alive': 'timeout=10, max=50',
15 silly registry.get     connection: 'Keep-Alive' } ]
16 info outdated updating [ [ '/usr/local/lib', 'ionic', '1.2.14', '1.3.0', '1.3.0', 'latest' ] ]
17 verbose install where,what [ '/usr/local/lib', [ 'ionic@1.3.0' ] ]
18 verbose cache add [ 'ionic@1.3.0', null ]
19 verbose cache add name=undefined spec="ionic@1.3.0" args=["ionic@1.3.0",null]
20 verbose parsed url { protocol: null,
20 verbose parsed url   slashes: null,
20 verbose parsed url   auth: null,
20 verbose parsed url   host: null,
20 verbose parsed url   port: null,
20 verbose parsed url   hostname: null,
20 verbose parsed url   hash: null,
20 verbose parsed url   search: null,
20 verbose parsed url   query: null,
20 verbose parsed url   pathname: 'ionic@1.3.0',
20 verbose parsed url   path: 'ionic@1.3.0',
20 verbose parsed url   href: 'ionic@1.3.0' }
21 verbose cache add name="ionic" spec="1.3.0" args=["ionic","1.3.0"]
22 verbose parsed url { protocol: null,
22 verbose parsed url   slashes: null,
22 verbose parsed url   auth: null,
22 verbose parsed url   host: null,
22 verbose parsed url   port: null,
22 verbose parsed url   hostname: null,
22 verbose parsed url   hash: null,
22 verbose parsed url   search: null,
22 verbose parsed url   query: null,
22 verbose parsed url   pathname: '1.3.0',
22 verbose parsed url   path: '1.3.0',
22 verbose parsed url   href: '1.3.0' }
23 verbose addNamed [ 'ionic', '1.3.0' ]
24 verbose addNamed [ '1.3.0', '1.3.0' ]
25 silly lockFile a4516feb-ionic-1-3-0 ionic@1.3.0
26 verbose lock ionic@1.3.0 /home/petko/.npm/a4516feb-ionic-1-3-0.lock
27 verbose registry.get https://registry.npmjs.org/ionic not expired, no request
28 silly lockFile eb1eb9ef--npmjs-org-ionic-ionic-1-3-0-tgz https://registry.npmjs.org/ionic/-/ionic-1.3.0.tgz
29 verbose lock https://registry.npmjs.org/ionic/-/ionic-1.3.0.tgz /home/petko/.npm/eb1eb9ef--npmjs-org-ionic-ionic-1-3-0-tgz.lock
30 verbose addRemoteTarball [ 'https://registry.npmjs.org/ionic/-/ionic-1.3.0.tgz',
30 verbose addRemoteTarball   'fd1711d8fec80f4ce85584ec0bc9af783f59362c' ]
31 info retry fetch attempt 1 at 12:00:23
32 verbose fetch to= /tmp/npm-14952-pwgCP08M/registry.npmjs.org/ionic/-/ionic-1.3.0.tgz
33 http GET https://registry.npmjs.org/ionic/-/ionic-1.3.0.tgz
34 http 200 https://registry.npmjs.org/ionic/-/ionic-1.3.0.tgz
35 silly lockFile eb1eb9ef--npmjs-org-ionic-ionic-1-3-0-tgz https://registry.npmjs.org/ionic/-/ionic-1.3.0.tgz
36 silly lockFile eb1eb9ef--npmjs-org-ionic-ionic-1-3-0-tgz https://registry.npmjs.org/ionic/-/ionic-1.3.0.tgz
37 silly lockFile a4516feb-ionic-1-3-0 ionic@1.3.0
38 silly lockFile a4516feb-ionic-1-3-0 ionic@1.3.0
39 error Error: EACCES, mkdir '/home/petko/.npm/ionic/1.3.0'
39 error  { [Error: EACCES, mkdir '/home/petko/.npm/ionic/1.3.0']
39 error   errno: 3,
39 error   code: 'EACCES',
39 error   path: '/home/petko/.npm/ionic/1.3.0' }
40 error Please try running this command again as root/Administrator.
41 error System Linux 3.16.0-28-generic
42 error command "/usr/bin/nodejs" "/usr/bin/npm" "update" "-g" "ionic"
43 error cwd /home/petko/ParagonTrips
44 error node -v v0.10.25
45 error npm -v 1.4.21
46 error path /home/petko/.npm/ionic/1.3.0
47 error code EACCES
48 error errno 3
49 error stack Error: EACCES, mkdir '/home/petko/.npm/ionic/1.3.0'
50 verbose exit [ 3, true ]
